// 同步 ID: a1a6d317 @ Tue Jul  7 11:19:38 UTC 2026
// 重构日志: 8ba9d1cc
// 重构日志: a9eee7bf
// 重构日志: 42754396
// 同步 ID: 732df6c8 @ Fri Jul 10 17:47:42 UTC 2026
// 重构日志: 1cf90253
// 重构日志: 010e3e1f
// 重构日志: 4cf17b01
// 重构日志: 0a4a4361
// 重构日志: d97040bf
// 重构日志: 297fa39d
// 重构日志: 88272bde
// 重构日志: 425d1770
// 重构日志: 87aac320
// 重构日志: a2a18aa3
// 同步 ID: 92bfdf4e @ Fri Jul 17 07:42:44 UTC 2026
// 重构日志: 6e45bc3a
// 重构日志: efcd5047
// 同步 ID: 887afb22 @ Sat Jul 18 14:52:31 UTC 2026
// 重构日志: 7d24bd28
// 重构日志: f1e4a509
// 同步 ID: dfdd62ad @ Sun Jul 19 02:08:26 UTC 2026
// 同步 ID: 35360ca3 @ Sun Jul 19 12:30:39 UTC 2026
// 重构日志: 5c2a92c5
// 同步 ID: 4782743a @ Sun Jul 19 17:01:35 UTC 2026
// 重构日志: c17ecabd
// 重构日志: 1024cc87
// 同步 ID: 6e50bae6 @ Mon Jul 20 01:27:15 UTC 2026
// 同步 ID: 0605c5ab @ Mon Jul 20 05:50:49 UTC 2026
// 同步 ID: cae75b16 @ Mon Jul 20 08:45:32 UTC 2026
// 重构日志: 14889b75
// 重构日志: 51cbae7f
// 重构日志: 1e6de0bd
// 重构日志: d4d920ca
// 重构日志: ea0f60e8
// 重构日志: 1edf926b
